# JRE version: OpenJDK Runtime Environment (11.0.10) (build 11.0.10+0-b96-7249189)
# Java VM: OpenJDK 64-Bit Server VM (11.0.10+0-b96-7249189, mixed mode, tiered, compressed oops, g1 gc, windows-amd64)
Heap:
 garbage-first heap   total 374784K, used 131849K [0x0000000080000000, 0x0000000100000000)
  region size 1024K, 4 young (4096K), 4 survivors (4096K)
 Metaspace       used 100498K, capacity 102796K, committed 103116K, reserved 1138688K
  class space    used 12843K, capacity 13727K, committed 13824K, reserved 1048576K
GC Heap History (20 events):
Event: 21.105 GC heap after
{Heap after GC invocations=28 (full 0):
 garbage-first heap   total 155648K, used 98662K [0x0000000080000000, 0x0000000100000000)
  region size 1024K, 3 young (3072K), 3 survivors (3072K)
 Metaspace       used 92073K, capacity 94402K, committed 94540K, reserved 1130496K
  class space    used 11778K, capacity 12648K, committed 12672K, reserved 1048576K
}
Event: 21.276 GC heap before
{Heap before GC invocations=29 (full 0):
 garbage-first heap   total 155648K, used 124988K [0x0000000080000000, 0x0000000100000000)
  region size 1024K, 30 young (30720K), 3 survivors (3072K)
 Metaspace       used 93619K, capacity 95737K, committed 96588K, reserved 1132544K
  class space    used 11915K, capacity 12677K, committed 12928K, reserved 1048576K
}
Event: 21.279 GC heap after
{Heap after GC invocations=30 (full 0):
 garbage-first heap   total 155648K, used 98637K [0x0000000080000000, 0x0000000100000000)
  region size 1024K, 3 young (3072K), 3 survivors (3072K)
 Metaspace       used 93619K, capacity 95737K, committed 96588K, reserved 1132544K
  class space    used 11915K, capacity 12677K, committed 12928K, reserved 1048576K
}
Event: 21.301 GC heap before
{Heap before GC invocations=30 (full 0):
 garbage-first heap   total 155648K, used 102733K [0x0000000080000000, 0x0000000100000000)
  region size 1024K, 7 young (7168K), 3 survivors (3072K)
 Metaspace       used 93962K, capacity 96057K, committed 96972K, reserved 1132544K
  class space    used 11955K, capacity 12741K, committed 13056K, reserved 1048576K
}
Event: 21.304 GC heap after
{Heap after GC invocations=31 (full 0):
 garbage-first heap   total 155648K, used 92036K [0x0000000080000000, 0x0000000100000000)
  region size 1024K, 1 young (1024K), 1 survivors (1024K)
 Metaspace       used 93962K, capacity 96057K, committed 96972K, reserved 1132544K
  class space    used 11955K, capacity 12741K, committed 13056K, reserved 1048576K
}
Event: 21.583 GC heap before
{Heap before GC invocations=31 (full 0):
 garbage-first heap   total 155648K, used 122756K [0x0000000080000000, 0x0000000100000000)
  region size 1024K, 32 young (32768K), 1 survivors (1024K)
 Metaspace       used 94742K, capacity 96826K, committed 97740K, reserved 1134592K
  class space    used 12032K, capacity 12778K, committed 13056K, reserved 1048576K
}
Event: 21.589 GC heap after
{Heap after GC invocations=32 (full 0):
 garbage-first heap   total 155648K, used 94879K [0x0000000080000000, 0x0000000100000000)
  region size 1024K, 4 young (4096K), 4 survivors (4096K)
 Metaspace       used 94742K, capacity 96826K, committed 97740K, reserved 1134592K
  class space    used 12032K, capacity 12778K, committed 13056K, reserved 1048576K
}
Event: 21.964 GC heap before
{Heap before GC invocations=33 (full 0):
 garbage-first heap   total 155648K, used 121503K [0x0000000080000000, 0x0000000100000000)
  region size 1024K, 34 young (34816K), 4 survivors (4096K)
 Metaspace       used 95435K, capacity 97580K, committed 98380K, reserved 1134592K
  class space    used 12138K, capacity 12962K, committed 13184K, reserved 1048576K
}
Event: 21.970 GC heap after
{Heap after GC invocations=34 (full 0):
 garbage-first heap   total 155648K, used 94791K [0x0000000080000000, 0x0000000100000000)
  region size 1024K, 3 young (3072K), 3 survivors (3072K)
 Metaspace       used 95435K, capacity 97580K, committed 98380K, reserved 1134592K
  class space    used 12138K, capacity 12962K, committed 13184K, reserved 1048576K
}
Event: 21.975 GC heap before
{Heap before GC invocations=34 (full 0):
 garbage-first heap   total 155648K, used 97863K [0x0000000080000000, 0x0000000100000000)
  region size 1024K, 7 young (7168K), 3 survivors (3072K)
 Metaspace       used 95457K, capacity 97653K, committed 98380K, reserved 1134592K
  class space    used 12143K, capacity 12965K, committed 13184K, reserved 1048576K
}
Event: 21.979 GC heap after
{Heap after GC invocations=35 (full 0):
 garbage-first heap   total 187392K, used 92711K [0x0000000080000000, 0x0000000100000000)
  region size 1024K, 1 young (1024K), 1 survivors (1024K)
 Metaspace       used 95457K, capacity 97653K, committed 98380K, reserved 1134592K
  class space    used 12143K, capacity 12965K, committed 13184K, reserved 1048576K
}
Event: 22.103 GC heap before
{Heap before GC invocations=35 (full 0):
 garbage-first heap   total 187392K, used 139815K [0x0000000080000000, 0x0000000100000000)
  region size 1024K, 49 young (50176K), 1 survivors (1024K)
 Metaspace       used 96260K, capacity 98363K, committed 99020K, reserved 1134592K
  class space    used 12234K, capacity 13030K, committed 13312K, reserved 1048576K
}
Event: 22.124 GC heap after
{Heap after GC invocations=36 (full 0):
 garbage-first heap   total 187392K, used 105560K [0x0000000080000000, 0x0000000100000000)
  region size 1024K, 6 young (6144K), 6 survivors (6144K)
 Metaspace       used 96260K, capacity 98363K, committed 99020K, reserved 1134592K
  class space    used 12234K, capacity 13030K, committed 13312K, reserved 1048576K
}
Event: 22.363 GC heap before
{Heap before GC invocations=37 (full 0):
 garbage-first heap   total 187392K, used 143448K [0x0000000080000000, 0x0000000100000000)
  region size 1024K, 44 young (45056K), 6 survivors (6144K)
 Metaspace       used 98728K, capacity 100997K, committed 101324K, reserved 1136640K
  class space    used 12615K, capacity 13473K, committed 13568K, reserved 1048576K
}
Event: 22.383 GC heap after
{Heap after GC invocations=38 (full 0):
 garbage-first heap   total 187392K, used 113135K [0x0000000080000000, 0x0000000100000000)
  region size 1024K, 6 young (6144K), 6 survivors (6144K)
 Metaspace       used 98728K, capacity 100997K, committed 101324K, reserved 1136640K
  class space    used 12615K, capacity 13473K, committed 13568K, reserved 1048576K
}
Event: 22.461 GC heap before
{Heap before GC invocations=38 (full 0):
 garbage-first heap   total 187392K, used 147951K [0x0000000080000000, 0x0000000100000000)
  region size 1024K, 40 young (40960K), 6 survivors (6144K)
 Metaspace       used 99542K, capacity 101811K, committed 102220K, reserved 1138688K
  class space    used 12730K, capacity 13595K, committed 13696K, reserved 1048576K
}
Event: 22.495 GC heap after
{Heap after GC invocations=39 (full 0):
 garbage-first heap   total 187392K, used 119228K [0x0000000080000000, 0x0000000100000000)
  region size 1024K, 5 young (5120K), 5 survivors (5120K)
 Metaspace       used 99542K, capacity 101811K, committed 102220K, reserved 1138688K
  class space    used 12730K, capacity 13595K, committed 13696K, reserved 1048576K
}
Event: 22.660 GC heap before
{Heap before GC invocations=39 (full 0):
 garbage-first heap   total 187392K, used 149948K [0x0000000080000000, 0x0000000100000000)
  region size 1024K, 36 young (36864K), 5 survivors (5120K)
 Metaspace       used 100154K, capacity 102420K, committed 102860K, reserved 1138688K
  class space    used 12817K, capacity 13691K, committed 13824K, reserved 1048576K
}
Event: 22.689 GC heap after
{Heap after GC invocations=40 (full 0):
 garbage-first heap   total 187392K, used 125952K [0x0000000080000000, 0x0000000100000000)
  region size 1024K, 5 young (5120K), 5 survivors (5120K)
 Metaspace       used 100154K, capacity 102420K, committed 102860K, reserved 1138688K
  class space    used 12817K, capacity 13691K, committed 13824K, reserved 1048576K
}
Event: 22.851 GC heap before
{Heap before GC invocations=41 (full 0):
 garbage-first heap   total 187392K, used 153600K [0x0000000080000000, 0x0000000100000000)
  region size 1024K, 32 young (32768K), 5 survivors (5120K)
 Metaspace       used 100498K, capacity 102796K, committed 103116K, reserved 1138688K
  class space    used 12843K, capacity 13727K, committed 13824K, reserved 1048576K
}

