# JRE version: OpenJDK Runtime Environment (11.0.10) (build 11.0.10+0-b96-7249189)
# Java VM: OpenJDK 64-Bit Server VM (11.0.10+0-b96-7249189, mixed mode, tiered, compressed oops, g1 gc, windows-amd64)
Heap:
 garbage-first heap   total 625664K, used 165270K [0x0000000080000000, 0x0000000100000000)
  region size 1024K, 8 young (8192K), 8 survivors (8192K)
 Metaspace       used 104943K, capacity 107611K, committed 107852K, reserved 1142784K
  class space    used 13498K, capacity 14559K, committed 14668K, reserved 1048576K
GC Heap History (20 events):
Event: 12.692 GC heap after
{Heap after GC invocations=31 (full 0):
 garbage-first heap   total 225280K, used 139981K [0x0000000080000000, 0x0000000100000000)
  region size 1024K, 7 young (7168K), 7 survivors (7168K)
 Metaspace       used 101256K, capacity 103662K, committed 104524K, reserved 1138688K
  class space    used 13177K, capacity 14092K, committed 14412K, reserved 1048576K
}
Event: 12.837 GC heap before
{Heap before GC invocations=32 (full 0):
 garbage-first heap   total 225280K, used 182989K [0x0000000080000000, 0x0000000100000000)
  region size 1024K, 49 young (50176K), 7 survivors (7168K)
 Metaspace       used 102094K, capacity 104607K, committed 105036K, reserved 1140736K
  class space    used 13287K, capacity 14256K, committed 14412K, reserved 1048576K
}
Event: 12.857 GC heap after
{Heap after GC invocations=33 (full 0):
 garbage-first heap   total 350208K, used 146893K [0x0000000080000000, 0x0000000100000000)
  region size 1024K, 7 young (7168K), 7 survivors (7168K)
 Metaspace       used 102094K, capacity 104607K, committed 105036K, reserved 1140736K
  class space    used 13287K, capacity 14256K, committed 14412K, reserved 1048576K
}
Event: 13.261 GC heap before
{Heap before GC invocations=33 (full 0):
 garbage-first heap   total 350208K, used 230861K [0x0000000080000000, 0x0000000100000000)
  region size 1024K, 90 young (92160K), 7 survivors (7168K)
 Metaspace       used 103256K, capacity 105857K, committed 106188K, reserved 1140736K
  class space    used 13424K, capacity 14455K, committed 14540K, reserved 1048576K
}
Event: 13.299 GC heap after
{Heap after GC invocations=34 (full 0):
 garbage-first heap   total 350208K, used 156402K [0x0000000080000000, 0x0000000100000000)
  region size 1024K, 10 young (10240K), 10 survivors (10240K)
 Metaspace       used 103256K, capacity 105857K, committed 106188K, reserved 1140736K
  class space    used 13424K, capacity 14455K, committed 14540K, reserved 1048576K
}
Event: 13.687 GC heap before
{Heap before GC invocations=34 (full 0):
 garbage-first heap   total 350208K, used 246514K [0x0000000080000000, 0x0000000100000000)
  region size 1024K, 98 young (100352K), 10 survivors (10240K)
 Metaspace       used 103352K, capacity 105999K, committed 106188K, reserved 1140736K
  class space    used 13434K, capacity 14459K, committed 14540K, reserved 1048576K
}
Event: 13.719 GC heap after
{Heap after GC invocations=35 (full 0):
 garbage-first heap   total 350208K, used 159891K [0x0000000080000000, 0x0000000100000000)
  region size 1024K, 4 young (4096K), 4 survivors (4096K)
 Metaspace       used 103352K, capacity 105999K, committed 106188K, reserved 1140736K
  class space    used 13434K, capacity 14459K, committed 14540K, reserved 1048576K
}
Event: 14.156 GC heap before
{Heap before GC invocations=35 (full 0):
 garbage-first heap   total 350208K, used 258195K [0x0000000080000000, 0x0000000100000000)
  region size 1024K, 100 young (102400K), 4 survivors (4096K)
 Metaspace       used 103772K, capacity 106398K, committed 106444K, reserved 1140736K
  class space    used 13465K, capacity 14501K, committed 14540K, reserved 1048576K
}
Event: 14.162 GC heap after
{Heap after GC invocations=36 (full 0):
 garbage-first heap   total 350208K, used 159808K [0x0000000080000000, 0x0000000100000000)
  region size 1024K, 4 young (4096K), 4 survivors (4096K)
 Metaspace       used 103772K, capacity 106398K, committed 106444K, reserved 1140736K
  class space    used 13465K, capacity 14501K, committed 14540K, reserved 1048576K
}
Event: 14.460 GC heap before
{Heap before GC invocations=36 (full 0):
 garbage-first heap   total 350208K, used 262208K [0x0000000080000000, 0x0000000100000000)
  region size 1024K, 104 young (106496K), 4 survivors (4096K)
 Metaspace       used 103949K, capacity 106581K, committed 106700K, reserved 1140736K
  class space    used 13481K, capacity 14519K, committed 14540K, reserved 1048576K
}
Event: 14.466 GC heap after
{Heap after GC invocations=37 (full 0):
 garbage-first heap   total 350208K, used 159737K [0x0000000080000000, 0x0000000100000000)
  region size 1024K, 4 young (4096K), 4 survivors (4096K)
 Metaspace       used 103949K, capacity 106581K, committed 106700K, reserved 1140736K
  class space    used 13481K, capacity 14519K, committed 14540K, reserved 1048576K
}
Event: 14.817 GC heap before
{Heap before GC invocations=37 (full 0):
 garbage-first heap   total 350208K, used 268281K [0x0000000080000000, 0x0000000100000000)
  region size 1024K, 110 young (112640K), 4 survivors (4096K)
 Metaspace       used 104203K, capacity 106883K, committed 107084K, reserved 1142784K
  class space    used 13493K, capacity 14551K, committed 14668K, reserved 1048576K
}
Event: 14.826 GC heap after
{Heap after GC invocations=38 (full 0):
 garbage-first heap   total 350208K, used 160415K [0x0000000080000000, 0x0000000100000000)
  region size 1024K, 5 young (5120K), 5 survivors (5120K)
 Metaspace       used 104203K, capacity 106883K, committed 107084K, reserved 1142784K
  class space    used 13493K, capacity 14551K, committed 14668K, reserved 1048576K
}
Event: 15.052 GC heap before
{Heap before GC invocations=38 (full 0):
 garbage-first heap   total 350208K, used 274079K [0x0000000080000000, 0x0000000100000000)
  region size 1024K, 116 young (118784K), 5 survivors (5120K)
 Metaspace       used 104477K, capacity 107215K, committed 107340K, reserved 1142784K
  class space    used 13493K, capacity 14551K, committed 14668K, reserved 1048576K
}
Event: 15.060 GC heap after
{Heap after GC invocations=39 (full 0):
 garbage-first heap   total 350208K, used 160194K [0x0000000080000000, 0x0000000100000000)
  region size 1024K, 5 young (5120K), 5 survivors (5120K)
 Metaspace       used 104477K, capacity 107215K, committed 107340K, reserved 1142784K
  class space    used 13493K, capacity 14551K, committed 14668K, reserved 1048576K
}
Event: 15.278 GC heap before
{Heap before GC invocations=39 (full 0):
 garbage-first heap   total 350208K, used 282050K [0x0000000080000000, 0x0000000100000000)
  region size 1024K, 124 young (126976K), 5 survivors (5120K)
 Metaspace       used 104666K, capacity 107375K, committed 107596K, reserved 1142784K
  class space    used 13496K, capacity 14555K, committed 14668K, reserved 1048576K
}
Event: 15.285 GC heap after
{Heap after GC invocations=40 (full 0):
 garbage-first heap   total 350208K, used 160095K [0x0000000080000000, 0x0000000100000000)
  region size 1024K, 5 young (5120K), 5 survivors (5120K)
 Metaspace       used 104666K, capacity 107375K, committed 107596K, reserved 1142784K
  class space    used 13496K, capacity 14555K, committed 14668K, reserved 1048576K
}
Event: 15.508 GC heap before
{Heap before GC invocations=40 (full 0):
 garbage-first heap   total 350208K, used 290143K [0x0000000080000000, 0x0000000100000000)
  region size 1024K, 133 young (136192K), 5 survivors (5120K)
 Metaspace       used 104836K, capacity 107526K, committed 107852K, reserved 1142784K
  class space    used 13496K, capacity 14555K, committed 14668K, reserved 1048576K
}
Event: 15.520 GC heap after
{Heap after GC invocations=41 (full 0):
 garbage-first heap   total 350208K, used 165926K [0x0000000080000000, 0x0000000100000000)
  region size 1024K, 10 young (10240K), 10 survivors (10240K)
 Metaspace       used 104836K, capacity 107526K, committed 107852K, reserved 1142784K
  class space    used 13496K, capacity 14555K, committed 14668K, reserved 1048576K
}
Event: 15.803 GC heap before
{Heap before GC invocations=41 (full 0):
 garbage-first heap   total 350208K, used 292902K [0x0000000080000000, 0x0000000100000000)
  region size 1024K, 135 young (138240K), 10 survivors (10240K)
 Metaspace       used 104943K, capacity 107611K, committed 107852K, reserved 1142784K
  class space    used 13498K, capacity 14559K, committed 14668K, reserved 1048576K
}

